{"/Users/amanda/Desktop/iNaturalistReactNative/components/Observations/EmptyList.js": {"path":"/Users/amanda/Desktop/iNaturalistReactNative/components/Observations/EmptyList.js","statementMap":{"0":{"start":{"line":9,"column":18},"end":{"line":24,"column":1}},"1":{"start":{"line":10,"column":22},"end":{"line":10,"column":68}},"2":{"start":{"line":10,"column":29},"end":{"line":10,"column":68}},"3":{"start":{"line":12,"column":2},"end":{"line":23,"column":4}}},"fnMap":{"0":{"name":"(anonymous_0)","decl":{"start":{"line":9,"column":18},"end":{"line":9,"column":19}},"loc":{"start":{"line":9,"column":31},"end":{"line":24,"column":1}},"line":9},"1":{"name":"(anonymous_1)","decl":{"start":{"line":10,"column":22},"end":{"line":10,"column":23}},"loc":{"start":{"line":10,"column":29},"end":{"line":10,"column":68}},"line":10}},"branchMap":{},"s":{"0":1,"1":1,"2":0,"3":1},"f":{"0":1,"1":0},"b":{},"_coverageSchema":"1a1c01bbd47fc00a2c39e90264f33305004495a9","hash":"b8e47dafd05a89e1aa6376af299b337d186b24c9"}
,"/Users/amanda/Desktop/iNaturalistReactNative/components/Observations/ObsCard.js": {"path":"/Users/amanda/Desktop/iNaturalistReactNative/components/Observations/ObsCard.js","statementMap":{"0":{"start":{"line":14,"column":16},"end":{"line":36,"column":1}},"1":{"start":{"line":15,"column":2},"end":{"line":35,"column":14}},"2":{"start":{"line":16,"column":20},"end":{"line":16,"column":39}}},"fnMap":{"0":{"name":"(anonymous_0)","decl":{"start":{"line":14,"column":16},"end":{"line":14,"column":17}},"loc":{"start":{"line":15,"column":2},"end":{"line":35,"column":14}},"line":15},"1":{"name":"(anonymous_1)","decl":{"start":{"line":16,"column":13},"end":{"line":16,"column":14}},"loc":{"start":{"line":16,"column":20},"end":{"line":16,"column":39}},"line":16}},"branchMap":{},"s":{"0":2,"1":2,"2":1},"f":{"0":2,"1":1},"b":{},"_coverageSchema":"1a1c01bbd47fc00a2c39e90264f33305004495a9","hash":"bbb9204286204e786d2ea14cdaedce0960971ba0"}
,"/Users/amanda/Desktop/iNaturalistReactNative/components/Observations/ObsList.js": {"path":"/Users/amanda/Desktop/iNaturalistReactNative/components/Observations/ObsList.js","statementMap":{"0":{"start":{"line":14,"column":16},"end":{"line":38,"column":1}},"1":{"start":{"line":15,"column":21},"end":{"line":15,"column":37}},"2":{"start":{"line":16,"column":26},"end":{"line":16,"column":105}},"3":{"start":{"line":16,"column":41},"end":{"line":16,"column":105}},"4":{"start":{"line":17,"column":28},"end":{"line":17,"column":51}},"5":{"start":{"line":20,"column":2},"end":{"line":20,"column":26}},"6":{"start":{"line":22,"column":21},"end":{"line":22,"column":38}},"7":{"start":{"line":22,"column":29},"end":{"line":22,"column":38}},"8":{"start":{"line":23,"column":21},"end":{"line":23,"column":90}},"9":{"start":{"line":23,"column":37},"end":{"line":23,"column":90}},"10":{"start":{"line":25,"column":27},"end":{"line":25,"column":47}},"11":{"start":{"line":25,"column":34},"end":{"line":25,"column":47}},"12":{"start":{"line":27,"column":2},"end":{"line":37,"column":4}}},"fnMap":{"0":{"name":"(anonymous_0)","decl":{"start":{"line":14,"column":16},"end":{"line":14,"column":17}},"loc":{"start":{"line":14,"column":29},"end":{"line":38,"column":1}},"line":14},"1":{"name":"(anonymous_1)","decl":{"start":{"line":16,"column":26},"end":{"line":16,"column":27}},"loc":{"start":{"line":16,"column":41},"end":{"line":16,"column":105}},"line":16},"2":{"name":"(anonymous_2)","decl":{"start":{"line":22,"column":21},"end":{"line":22,"column":22}},"loc":{"start":{"line":22,"column":29},"end":{"line":22,"column":38}},"line":22},"3":{"name":"(anonymous_3)","decl":{"start":{"line":23,"column":21},"end":{"line":23,"column":22}},"loc":{"start":{"line":23,"column":37},"end":{"line":23,"column":90}},"line":23},"4":{"name":"(anonymous_4)","decl":{"start":{"line":25,"column":27},"end":{"line":25,"column":28}},"loc":{"start":{"line":25,"column":34},"end":{"line":25,"column":47}},"line":25}},"branchMap":{},"s":{"0":1,"1":1,"2":1,"3":0,"4":1,"5":1,"6":1,"7":0,"8":1,"9":0,"10":1,"11":1,"12":1},"f":{"0":1,"1":0,"2":0,"3":0,"4":1},"b":{},"_coverageSchema":"1a1c01bbd47fc00a2c39e90264f33305004495a9","hash":"a009f8e7b50aae5ce413f3315bee7912d4265158"}
,"/Users/amanda/Desktop/iNaturalistReactNative/components/Observations/hooks/fetchObsFromRealm.js": {"path":"/Users/amanda/Desktop/iNaturalistReactNative/components/Observations/hooks/fetchObsFromRealm.js","statementMap":{"0":{"start":{"line":8,"column":29},"end":{"line":74,"column":1}},"1":{"start":{"line":10,"column":42},"end":{"line":10,"column":56}},"2":{"start":{"line":13,"column":19},"end":{"line":13,"column":33}},"3":{"start":{"line":16,"column":26},"end":{"line":16,"column":40}},"4":{"start":{"line":18,"column":20},"end":{"line":51,"column":34}},"5":{"start":{"line":19,"column":4},"end":{"line":50,"column":5}},"6":{"start":{"line":22,"column":20},"end":{"line":22,"column":51}},"7":{"start":{"line":23,"column":6},"end":{"line":23,"column":31}},"8":{"start":{"line":27,"column":32},"end":{"line":27,"column":62}},"9":{"start":{"line":28,"column":6},"end":{"line":30,"column":7}},"10":{"start":{"line":29,"column":8},"end":{"line":29,"column":45}},"11":{"start":{"line":33,"column":6},"end":{"line":33,"column":50}},"12":{"start":{"line":34,"column":6},"end":{"line":46,"column":10}},"13":{"start":{"line":45,"column":8},"end":{"line":45,"column":58}},"14":{"start":{"line":49,"column":6},"end":{"line":49,"column":60}},"15":{"start":{"line":53,"column":21},"end":{"line":64,"column":17}},"16":{"start":{"line":54,"column":25},"end":{"line":54,"column":48}},"17":{"start":{"line":55,"column":4},"end":{"line":55,"column":40}},"18":{"start":{"line":56,"column":4},"end":{"line":56,"column":35}},"19":{"start":{"line":58,"column":18},"end":{"line":58,"column":34}},"20":{"start":{"line":61,"column":4},"end":{"line":61,"column":20}},"21":{"start":{"line":62,"column":4},"end":{"line":62,"column":28}},"22":{"start":{"line":63,"column":4},"end":{"line":63,"column":26}},"23":{"start":{"line":66,"column":2},"end":{"line":71,"column":31}},"24":{"start":{"line":67,"column":4},"end":{"line":67,"column":17}},"25":{"start":{"line":70,"column":4},"end":{"line":70,"column":22}},"26":{"start":{"line":73,"column":2},"end":{"line":73,"column":22}}},"fnMap":{"0":{"name":"(anonymous_0)","decl":{"start":{"line":8,"column":29},"end":{"line":8,"column":30}},"loc":{"start":{"line":8,"column":51},"end":{"line":74,"column":1}},"line":8},"1":{"name":"(anonymous_1)","decl":{"start":{"line":18,"column":33},"end":{"line":18,"column":34}},"loc":{"start":{"line":18,"column":46},"end":{"line":51,"column":3}},"line":18},"2":{"name":"(anonymous_2)","decl":{"start":{"line":34,"column":37},"end":{"line":34,"column":38}},"loc":{"start":{"line":34,"column":68},"end":{"line":46,"column":7}},"line":34},"3":{"name":"(anonymous_3)","decl":{"start":{"line":53,"column":34},"end":{"line":53,"column":35}},"loc":{"start":{"line":53,"column":41},"end":{"line":64,"column":3}},"line":53},"4":{"name":"(anonymous_4)","decl":{"start":{"line":66,"column":13},"end":{"line":66,"column":14}},"loc":{"start":{"line":66,"column":20},"end":{"line":71,"column":3}},"line":66}},"branchMap":{"0":{"loc":{"start":{"line":28,"column":6},"end":{"line":30,"column":7}},"type":"if","locations":[{"start":{"line":28,"column":6},"end":{"line":30,"column":7}},{"start":{"line":28,"column":6},"end":{"line":30,"column":7}}],"line":28}},"s":{"0":1,"1":1,"2":1,"3":1,"4":1,"5":1,"6":1,"7":1,"8":1,"9":1,"10":0,"11":1,"12":1,"13":0,"14":0,"15":1,"16":0,"17":0,"18":0,"19":0,"20":0,"21":0,"22":0,"23":1,"24":1,"25":1,"26":1},"f":{"0":1,"1":1,"2":0,"3":0,"4":1},"b":{"0":[0,1]},"_coverageSchema":"1a1c01bbd47fc00a2c39e90264f33305004495a9","hash":"1c7f06f89aa37d657a9d837de0c6f0e018bef02c"}
,"/Users/amanda/Desktop/iNaturalistReactNative/components/Observations/hooks/fetchObservations.js": {"path":"/Users/amanda/Desktop/iNaturalistReactNative/components/Observations/hooks/fetchObservations.js","statementMap":{"0":{"start":{"line":9,"column":29},"end":{"line":259,"column":1}},"1":{"start":{"line":10,"column":42},"end":{"line":10,"column":56}},"2":{"start":{"line":11,"column":19},"end":{"line":11,"column":33}},"3":{"start":{"line":12,"column":26},"end":{"line":12,"column":40}},"4":{"start":{"line":14,"column":20},"end":{"line":28,"column":34}},"5":{"start":{"line":15,"column":4},"end":{"line":27,"column":5}},"6":{"start":{"line":16,"column":20},"end":{"line":16,"column":51}},"7":{"start":{"line":17,"column":6},"end":{"line":17,"column":31}},"8":{"start":{"line":19,"column":32},"end":{"line":19,"column":62}},"9":{"start":{"line":20,"column":6},"end":{"line":22,"column":7}},"10":{"start":{"line":21,"column":8},"end":{"line":21,"column":45}},"11":{"start":{"line":23,"column":6},"end":{"line":23,"column":50}},"12":{"start":{"line":26,"column":6},"end":{"line":26,"column":60}},"13":{"start":{"line":30,"column":21},"end":{"line":39,"column":17}},"14":{"start":{"line":31,"column":25},"end":{"line":31,"column":48}},"15":{"start":{"line":32,"column":4},"end":{"line":32,"column":40}},"16":{"start":{"line":33,"column":4},"end":{"line":33,"column":35}},"17":{"start":{"line":35,"column":18},"end":{"line":35,"column":34}},"18":{"start":{"line":36,"column":4},"end":{"line":36,"column":20}},"19":{"start":{"line":37,"column":4},"end":{"line":37,"column":28}},"20":{"start":{"line":38,"column":4},"end":{"line":38,"column":26}},"21":{"start":{"line":41,"column":2},"end":{"line":46,"column":31}},"22":{"start":{"line":42,"column":4},"end":{"line":42,"column":17}},"23":{"start":{"line":45,"column":4},"end":{"line":45,"column":22}},"24":{"start":{"line":48,"column":17},"end":{"line":111,"column":7}},"25":{"start":{"line":49,"column":24},"end":{"line":54,"column":5}},"26":{"start":{"line":56,"column":25},"end":{"line":65,"column":5}},"27":{"start":{"line":67,"column":22},"end":{"line":78,"column":5}},"28":{"start":{"line":80,"column":25},"end":{"line":85,"column":5}},"29":{"start":{"line":87,"column":27},"end":{"line":92,"column":5}},"30":{"start":{"line":94,"column":4},"end":{"line":110,"column":4}},"31":{"start":{"line":113,"column":28},"end":{"line":118,"column":3}},"32":{"start":{"line":113,"column":43},"end":{"line":118,"column":1}},"33":{"start":{"line":120,"column":37},"end":{"line":133,"column":3}},"34":{"start":{"line":120,"column":49},"end":{"line":133,"column":1}},"35":{"start":{"line":135,"column":30},"end":{"line":140,"column":3}},"36":{"start":{"line":135,"column":42},"end":{"line":140,"column":1}},"37":{"start":{"line":142,"column":36},"end":{"line":152,"column":7}},"38":{"start":{"line":143,"column":26},"end":{"line":143,"column":28}},"39":{"start":{"line":145,"column":2},"end":{"line":150,"column":3}},"40":{"start":{"line":146,"column":4},"end":{"line":149,"column":8}},"41":{"start":{"line":147,"column":35},"end":{"line":147,"column":69}},"42":{"start":{"line":148,"column":6},"end":{"line":148,"column":51}},"43":{"start":{"line":151,"column":2},"end":{"line":151,"column":25}},"44":{"start":{"line":154,"column":27},"end":{"line":164,"column":7}},"45":{"start":{"line":155,"column":17},"end":{"line":155,"column":19}},"46":{"start":{"line":157,"column":2},"end":{"line":162,"column":3}},"47":{"start":{"line":158,"column":4},"end":{"line":161,"column":8}},"48":{"start":{"line":159,"column":26},"end":{"line":159,"column":54}},"49":{"start":{"line":160,"column":6},"end":{"line":160,"column":33}},"50":{"start":{"line":163,"column":2},"end":{"line":163,"column":16}},"51":{"start":{"line":166,"column":29},"end":{"line":176,"column":7}},"52":{"start":{"line":167,"column":19},"end":{"line":167,"column":21}},"53":{"start":{"line":169,"column":2},"end":{"line":174,"column":3}},"54":{"start":{"line":170,"column":4},"end":{"line":173,"column":8}},"55":{"start":{"line":171,"column":28},"end":{"line":171,"column":58}},"56":{"start":{"line":172,"column":6},"end":{"line":172,"column":37}},"57":{"start":{"line":175,"column":2},"end":{"line":175,"column":18}},"58":{"start":{"line":178,"column":34},"end":{"line":206,"column":76}},"59":{"start":{"line":179,"column":26},"end":{"line":179,"column":60}},"60":{"start":{"line":180,"column":17},"end":{"line":180,"column":42}},"61":{"start":{"line":181,"column":19},"end":{"line":181,"column":46}},"62":{"start":{"line":183,"column":2},"end":{"line":205,"column":4}},"63":{"start":{"line":208,"column":24},"end":{"line":230,"column":32}},"64":{"start":{"line":209,"column":4},"end":{"line":211,"column":5}},"65":{"start":{"line":210,"column":6},"end":{"line":210,"column":13}},"66":{"start":{"line":219,"column":18},"end":{"line":219,"column":34}},"67":{"start":{"line":220,"column":4},"end":{"line":229,"column":8}},"68":{"start":{"line":221,"column":21},"end":{"line":221,"column":53}},"69":{"start":{"line":222,"column":6},"end":{"line":228,"column":10}},"70":{"start":{"line":223,"column":28},"end":{"line":223,"column":93}},"71":{"start":{"line":224,"column":8},"end":{"line":226,"column":9}},"72":{"start":{"line":225,"column":10},"end":{"line":225,"column":17}},"73":{"start":{"line":227,"column":8},"end":{"line":227,"column":47}},"74":{"start":{"line":232,"column":2},"end":{"line":256,"column":33}},"75":{"start":{"line":233,"column":20},"end":{"line":233,"column":24}},"76":{"start":{"line":234,"column":30},"end":{"line":250,"column":5}},"77":{"start":{"line":235,"column":6},"end":{"line":249,"column":7}},"78":{"start":{"line":236,"column":25},"end":{"line":236,"column":39}},"79":{"start":{"line":237,"column":23},"end":{"line":241,"column":9}},"80":{"start":{"line":242,"column":25},"end":{"line":242,"column":67}},"81":{"start":{"line":243,"column":24},"end":{"line":243,"column":40}},"82":{"start":{"line":244,"column":8},"end":{"line":244,"column":37}},"83":{"start":{"line":244,"column":28},"end":{"line":244,"column":35}},"84":{"start":{"line":245,"column":8},"end":{"line":245,"column":35}},"85":{"start":{"line":247,"column":8},"end":{"line":247,"column":37}},"86":{"start":{"line":247,"column":28},"end":{"line":247,"column":35}},"87":{"start":{"line":248,"column":8},"end":{"line":248,"column":66}},"88":{"start":{"line":252,"column":4},"end":{"line":252,"column":25}},"89":{"start":{"line":253,"column":4},"end":{"line":255,"column":6}},"90":{"start":{"line":254,"column":6},"end":{"line":254,"column":24}},"91":{"start":{"line":258,"column":2},"end":{"line":258,"column":22}}},"fnMap":{"0":{"name":"(anonymous_0)","decl":{"start":{"line":9,"column":29},"end":{"line":9,"column":30}},"loc":{"start":{"line":9,"column":51},"end":{"line":259,"column":1}},"line":9},"1":{"name":"(anonymous_1)","decl":{"start":{"line":14,"column":33},"end":{"line":14,"column":34}},"loc":{"start":{"line":14,"column":46},"end":{"line":28,"column":3}},"line":14},"2":{"name":"(anonymous_2)","decl":{"start":{"line":30,"column":34},"end":{"line":30,"column":35}},"loc":{"start":{"line":30,"column":41},"end":{"line":39,"column":3}},"line":30},"3":{"name":"(anonymous_3)","decl":{"start":{"line":41,"column":13},"end":{"line":41,"column":14}},"loc":{"start":{"line":41,"column":20},"end":{"line":46,"column":3}},"line":41},"4":{"name":"(anonymous_4)","decl":{"start":{"line":48,"column":26},"end":{"line":48,"column":27}},"loc":{"start":{"line":48,"column":33},"end":{"line":111,"column":1}},"line":48},"5":{"name":"(anonymous_5)","decl":{"start":{"line":113,"column":28},"end":{"line":113,"column":29}},"loc":{"start":{"line":113,"column":43},"end":{"line":118,"column":1}},"line":113},"6":{"name":"(anonymous_6)","decl":{"start":{"line":120,"column":37},"end":{"line":120,"column":38}},"loc":{"start":{"line":120,"column":49},"end":{"line":133,"column":1}},"line":120},"7":{"name":"(anonymous_7)","decl":{"start":{"line":135,"column":30},"end":{"line":135,"column":31}},"loc":{"start":{"line":135,"column":42},"end":{"line":140,"column":1}},"line":135},"8":{"name":"(anonymous_8)","decl":{"start":{"line":142,"column":49},"end":{"line":142,"column":50}},"loc":{"start":{"line":142,"column":60},"end":{"line":152,"column":1}},"line":142},"9":{"name":"(anonymous_9)","decl":{"start":{"line":146,"column":33},"end":{"line":146,"column":34}},"loc":{"start":{"line":146,"column":43},"end":{"line":149,"column":5}},"line":146},"10":{"name":"(anonymous_10)","decl":{"start":{"line":154,"column":40},"end":{"line":154,"column":41}},"loc":{"start":{"line":154,"column":51},"end":{"line":164,"column":1}},"line":154},"11":{"name":"(anonymous_11)","decl":{"start":{"line":158,"column":24},"end":{"line":158,"column":25}},"loc":{"start":{"line":158,"column":37},"end":{"line":161,"column":5}},"line":158},"12":{"name":"(anonymous_12)","decl":{"start":{"line":166,"column":42},"end":{"line":166,"column":43}},"loc":{"start":{"line":166,"column":53},"end":{"line":176,"column":1}},"line":166},"13":{"name":"(anonymous_13)","decl":{"start":{"line":170,"column":26},"end":{"line":170,"column":27}},"loc":{"start":{"line":170,"column":39},"end":{"line":173,"column":5}},"line":170},"14":{"name":"(anonymous_14)","decl":{"start":{"line":178,"column":47},"end":{"line":178,"column":48}},"loc":{"start":{"line":178,"column":58},"end":{"line":206,"column":1}},"line":178},"15":{"name":"(anonymous_15)","decl":{"start":{"line":208,"column":37},"end":{"line":208,"column":38}},"loc":{"start":{"line":208,"column":52},"end":{"line":230,"column":1}},"line":208},"16":{"name":"(anonymous_16)","decl":{"start":{"line":220,"column":21},"end":{"line":220,"column":22}},"loc":{"start":{"line":220,"column":28},"end":{"line":229,"column":5}},"line":220},"17":{"name":"(anonymous_17)","decl":{"start":{"line":222,"column":20},"end":{"line":222,"column":21}},"loc":{"start":{"line":222,"column":27},"end":{"line":228,"column":7}},"line":222},"18":{"name":"(anonymous_18)","decl":{"start":{"line":232,"column":13},"end":{"line":232,"column":14}},"loc":{"start":{"line":232,"column":20},"end":{"line":256,"column":3}},"line":232},"19":{"name":"(anonymous_19)","decl":{"start":{"line":234,"column":30},"end":{"line":234,"column":31}},"loc":{"start":{"line":234,"column":43},"end":{"line":250,"column":5}},"line":234},"20":{"name":"(anonymous_20)","decl":{"start":{"line":253,"column":11},"end":{"line":253,"column":12}},"loc":{"start":{"line":253,"column":18},"end":{"line":255,"column":5}},"line":253}},"branchMap":{"0":{"loc":{"start":{"line":20,"column":6},"end":{"line":22,"column":7}},"type":"if","locations":[{"start":{"line":20,"column":6},"end":{"line":22,"column":7}},{"start":{"line":20,"column":6},"end":{"line":22,"column":7}}],"line":20},"1":{"loc":{"start":{"line":145,"column":2},"end":{"line":150,"column":3}},"type":"if","locations":[{"start":{"line":145,"column":2},"end":{"line":150,"column":3}},{"start":{"line":145,"column":2},"end":{"line":150,"column":3}}],"line":145},"2":{"loc":{"start":{"line":157,"column":2},"end":{"line":162,"column":3}},"type":"if","locations":[{"start":{"line":157,"column":2},"end":{"line":162,"column":3}},{"start":{"line":157,"column":2},"end":{"line":162,"column":3}}],"line":157},"3":{"loc":{"start":{"line":169,"column":2},"end":{"line":174,"column":3}},"type":"if","locations":[{"start":{"line":169,"column":2},"end":{"line":174,"column":3}},{"start":{"line":169,"column":2},"end":{"line":174,"column":3}}],"line":169},"4":{"loc":{"start":{"line":185,"column":18},"end":{"line":185,"column":40}},"type":"binary-expr","locations":[{"start":{"line":185,"column":18},"end":{"line":185,"column":35}},{"start":{"line":185,"column":39},"end":{"line":185,"column":40}}],"line":185},"5":{"loc":{"start":{"line":209,"column":4},"end":{"line":211,"column":5}},"type":"if","locations":[{"start":{"line":209,"column":4},"end":{"line":211,"column":5}},{"start":{"line":209,"column":4},"end":{"line":211,"column":5}}],"line":209},"6":{"loc":{"start":{"line":224,"column":8},"end":{"line":226,"column":9}},"type":"if","locations":[{"start":{"line":224,"column":8},"end":{"line":226,"column":9}},{"start":{"line":224,"column":8},"end":{"line":226,"column":9}}],"line":224},"7":{"loc":{"start":{"line":244,"column":8},"end":{"line":244,"column":37}},"type":"if","locations":[{"start":{"line":244,"column":8},"end":{"line":244,"column":37}},{"start":{"line":244,"column":8},"end":{"line":244,"column":37}}],"line":244},"8":{"loc":{"start":{"line":247,"column":8},"end":{"line":247,"column":37}},"type":"if","locations":[{"start":{"line":247,"column":8},"end":{"line":247,"column":37}},{"start":{"line":247,"column":8},"end":{"line":247,"column":37}}],"line":247}},"s":{"0":1,"1":1,"2":1,"3":1,"4":1,"5":1,"6":1,"7":1,"8":1,"9":1,"10":0,"11":1,"12":0,"13":1,"14":0,"15":0,"16":0,"17":0,"18":0,"19":0,"20":0,"21":1,"22":1,"23":1,"24":1,"25":1,"26":1,"27":1,"28":1,"29":1,"30":1,"31":1,"32":0,"33":1,"34":0,"35":1,"36":0,"37":1,"38":0,"39":0,"40":0,"41":0,"42":0,"43":0,"44":1,"45":0,"46":0,"47":0,"48":0,"49":0,"50":0,"51":1,"52":0,"53":0,"54":0,"55":0,"56":0,"57":0,"58":1,"59":0,"60":0,"61":0,"62":0,"63":1,"64":0,"65":0,"66":0,"67":0,"68":0,"69":0,"70":0,"71":0,"72":0,"73":0,"74":1,"75":1,"76":1,"77":1,"78":1,"79":1,"80":1,"81":0,"82":0,"83":0,"84":0,"85":0,"86":0,"87":0,"88":1,"89":1,"90":0,"91":1},"f":{"0":1,"1":1,"2":0,"3":1,"4":1,"5":0,"6":0,"7":0,"8":0,"9":0,"10":0,"11":0,"12":0,"13":0,"14":0,"15":0,"16":0,"17":0,"18":1,"19":1,"20":0},"b":{"0":[0,1],"1":[0,0],"2":[0,0],"3":[0,0],"4":[0,0],"5":[0,0],"6":[0,0],"7":[0,0],"8":[0,0]},"_coverageSchema":"1a1c01bbd47fc00a2c39e90264f33305004495a9","hash":"2701e23639fe26a197ac261d3da05e616eb9f761"}
,"/Users/amanda/Desktop/iNaturalistReactNative/components/SharedComponents/Footer.js": {"path":"/Users/amanda/Desktop/iNaturalistReactNative/components/SharedComponents/Footer.js","statementMap":{"0":{"start":{"line":9,"column":15},"end":{"line":33,"column":1}},"1":{"start":{"line":10,"column":21},"end":{"line":10,"column":37}},"2":{"start":{"line":11,"column":25},"end":{"line":11,"column":56}},"3":{"start":{"line":11,"column":32},"end":{"line":11,"column":56}},"4":{"start":{"line":12,"column":23},"end":{"line":12,"column":70}},"5":{"start":{"line":12,"column":30},"end":{"line":12,"column":70}},"6":{"start":{"line":14,"column":2},"end":{"line":32,"column":4}}},"fnMap":{"0":{"name":"(anonymous_0)","decl":{"start":{"line":9,"column":15},"end":{"line":9,"column":16}},"loc":{"start":{"line":9,"column":34},"end":{"line":33,"column":1}},"line":9},"1":{"name":"(anonymous_1)","decl":{"start":{"line":11,"column":25},"end":{"line":11,"column":26}},"loc":{"start":{"line":11,"column":32},"end":{"line":11,"column":56}},"line":11},"2":{"name":"(anonymous_2)","decl":{"start":{"line":12,"column":23},"end":{"line":12,"column":24}},"loc":{"start":{"line":12,"column":30},"end":{"line":12,"column":70}},"line":12}},"branchMap":{},"s":{"0":1,"1":1,"2":1,"3":0,"4":1,"5":0,"6":1},"f":{"0":1,"1":0,"2":0},"b":{},"_coverageSchema":"1a1c01bbd47fc00a2c39e90264f33305004495a9","hash":"da338b95109f06bbea3e05545be900ac07f02870"}
,"/Users/amanda/Desktop/iNaturalistReactNative/components/SharedComponents/ViewWithFooter.js": {"path":"/Users/amanda/Desktop/iNaturalistReactNative/components/SharedComponents/ViewWithFooter.js","statementMap":{"0":{"start":{"line":13,"column":23},"end":{"line":18,"column":1}},"1":{"start":{"line":14,"column":2},"end":{"line":17,"column":17}}},"fnMap":{"0":{"name":"(anonymous_0)","decl":{"start":{"line":13,"column":23},"end":{"line":13,"column":24}},"loc":{"start":{"line":14,"column":2},"end":{"line":17,"column":17}},"line":14}},"branchMap":{},"s":{"0":1,"1":1},"f":{"0":1},"b":{},"_coverageSchema":"1a1c01bbd47fc00a2c39e90264f33305004495a9","hash":"bd2426bd7ee2abd91d1f5203e8c4256f2d13ad8f"}
,"/Users/amanda/Desktop/iNaturalistReactNative/models/Comment.js": {"path":"/Users/amanda/Desktop/iNaturalistReactNative/models/Comment.js","statementMap":{"0":{"start":{"line":2,"column":18},"end":{"line":17,"column":3}}},"fnMap":{},"branchMap":{},"s":{"0":1},"f":{},"b":{},"_coverageSchema":"1a1c01bbd47fc00a2c39e90264f33305004495a9","hash":"2a6a4aa23ffcb4b36fbf747e4fa01179740f7216"}
,"/Users/amanda/Desktop/iNaturalistReactNative/models/Identification.js": {"path":"/Users/amanda/Desktop/iNaturalistReactNative/models/Identification.js","statementMap":{"0":{"start":{"line":2,"column":18},"end":{"line":25,"column":3}}},"fnMap":{},"branchMap":{},"s":{"0":1},"f":{},"b":{},"_coverageSchema":"1a1c01bbd47fc00a2c39e90264f33305004495a9","hash":"7c84744d760444d9010c9a6575cc468ffc96a4f5"}
,"/Users/amanda/Desktop/iNaturalistReactNative/models/Observation.js": {"path":"/Users/amanda/Desktop/iNaturalistReactNative/models/Observation.js","statementMap":{"0":{"start":{"line":2,"column":18},"end":{"line":26,"column":3}}},"fnMap":{},"branchMap":{},"s":{"0":1},"f":{},"b":{},"_coverageSchema":"1a1c01bbd47fc00a2c39e90264f33305004495a9","hash":"96e37f003e98035cd21e8ecf3507503c12ee7e98"}
,"/Users/amanda/Desktop/iNaturalistReactNative/models/Photo.js": {"path":"/Users/amanda/Desktop/iNaturalistReactNative/models/Photo.js","statementMap":{"0":{"start":{"line":2,"column":18},"end":{"line":18,"column":3}}},"fnMap":{},"branchMap":{},"s":{"0":1},"f":{},"b":{},"_coverageSchema":"1a1c01bbd47fc00a2c39e90264f33305004495a9","hash":"06d192b66fc844090b7f0a34a5e9101ef9d2ab96"}
,"/Users/amanda/Desktop/iNaturalistReactNative/models/index.js": {"path":"/Users/amanda/Desktop/iNaturalistReactNative/models/index.js","statementMap":{},"fnMap":{},"branchMap":{},"s":{},"f":{},"b":{},"_coverageSchema":"1a1c01bbd47fc00a2c39e90264f33305004495a9","hash":"7cbdcc6a9f9cd0da5f189806034426342127844b"}
,"/Users/amanda/Desktop/iNaturalistReactNative/styles/global.js": {"path":"/Users/amanda/Desktop/iNaturalistReactNative/styles/global.js","statementMap":{"0":{"start":{"line":3,"column":22},"end":{"line":8,"column":1}}},"fnMap":{},"branchMap":{},"s":{"0":2},"f":{},"b":{},"_coverageSchema":"1a1c01bbd47fc00a2c39e90264f33305004495a9","hash":"0f7ade0926b07fed0a5ca85dc98f805b643413b3"}
,"/Users/amanda/Desktop/iNaturalistReactNative/styles/observations/obsCard.js": {"path":"/Users/amanda/Desktop/iNaturalistReactNative/styles/observations/obsCard.js","statementMap":{"0":{"start":{"line":8,"column":19},"end":{"line":8,"column":45}},"1":{"start":{"line":11,"column":33},"end":{"line":11,"column":35}},"2":{"start":{"line":13,"column":48},"end":{"line":38,"column":3}},"3":{"start":{"line":40,"column":48},"end":{"line":42,"column":3}}},"fnMap":{},"branchMap":{},"s":{"0":2,"1":2,"2":2,"3":2},"f":{},"b":{},"_coverageSchema":"1a1c01bbd47fc00a2c39e90264f33305004495a9","hash":"7005949672c1f3c9965d7ae75a51e1835c04e785"}
,"/Users/amanda/Desktop/iNaturalistReactNative/styles/sharedComponents/footer.js": {"path":"/Users/amanda/Desktop/iNaturalistReactNative/styles/sharedComponents/footer.js","statementMap":{"0":{"start":{"line":8,"column":48},"end":{"line":29,"column":3}}},"fnMap":{},"branchMap":{},"s":{"0":1},"f":{},"b":{},"_coverageSchema":"1a1c01bbd47fc00a2c39e90264f33305004495a9","hash":"644bd129b585e0820e91cac0beeb0494a18f2676"}
,"/Users/amanda/Desktop/iNaturalistReactNative/styles/sharedComponents/viewWithFooter.js": {"path":"/Users/amanda/Desktop/iNaturalistReactNative/styles/sharedComponents/viewWithFooter.js","statementMap":{"0":{"start":{"line":8,"column":48},"end":{"line":13,"column":3}}},"fnMap":{},"branchMap":{},"s":{"0":1},"f":{},"b":{},"_coverageSchema":"1a1c01bbd47fc00a2c39e90264f33305004495a9","hash":"d35517a185f2a620f653829d53a83ea0beff3889"}
}
